<?xml version="1.0" encoding="UTF-8"?>
<!-- Generated by org.testng.reporters.JUnitReportReporter -->
<testsuite hostname="LAPTOP-5RBGUB60" failures="0" tests="7" name="naukri.MyRegister" time="56.770" errors="0" timestamp="2023-04-01T22:11:52 IST" skipped="0">
  <testcase classname="naukri.MyRegister" name="verifyLogo" time="8.004"/>
  <system-out/>
  <testcase classname="naukri.MyRegister" name="Screen" time="4.805"/>
  <system-out/>
  <testcase classname="naukri.MyRegister" name="SearchJob" time="4.693"/>
  <system-out/>
  <testcase classname="naukri.MyRegister" name="Scroll" time="12.803"/>
  <system-out/>
  <testcase classname="naukri.MyRegister" name="Register" time="17.403"/>
  <system-out/>
  <testcase classname="naukri.MyRegister" name="varifyTitle" time="3.954"/>
  <system-out/>
  <testcase classname="naukri.MyRegister" name="Login" time="5.108"/>
  <system-out/>
</testsuite> <!-- naukri.MyRegister -->
