<?xml version="1.0" encoding="UTF-8"?>
<!-- Generated by org.testng.reporters.JUnitReportReporter -->
<testsuite hostname="LAPTOP-5RBGUB60" failures="0" tests="9" name="naukri.TestCheck" time="34.800" errors="0" timestamp="2023-04-04T22:19:48 IST" skipped="0">
  <testcase classname="naukri.TestCheck" name="Scroll" time="3.683"/>
  <system-out/>
  <testcase classname="naukri.TestCheck" name="verifyLogo" time="5.327"/>
  <system-out/>
  <testcase classname="naukri.TestCheck" name="Screen" time="3.751"/>
  <system-out/>
  <testcase classname="naukri.TestCheck" name="varifyTitle" time="3.919"/>
  <system-out/>
  <testcase classname="naukri.TestCheck" name="Register" time="3.378"/>
  <system-out/>
  <testcase classname="naukri.TestCheck" name="Login" time="3.875"/>
  <system-out/>
  <testcase classname="naukri.TestCheck" name="SearchJob" time="3.797"/>
  <system-out/>
  <testcase classname="naukri.TestCheck" name="RoleWiseApply" time="3.386"/>
  <system-out/>
  <testcase classname="naukri.TestCheck" name="CompWiseApply" time="3.684"/>
  <system-out/>
</testsuite> <!-- naukri.TestCheck -->
