<?xml version="1.0" encoding="UTF-8"?>
<!-- Generated by org.testng.reporters.JUnitReportReporter -->
<testsuite hostname="LAPTOP-5RBGUB60" failures="0" tests="10" name="naukriTesting.TestCheck" time="55.999" errors="0" timestamp="2023-04-10T18:44:57 IST" skipped="0">
  <testcase classname="naukriTesting.TestCheck" name="varifyTitle" time="4.847"/>
  <system-out/>
  <testcase classname="naukriTesting.TestCheck" name="verifyScreen" time="5.478"/>
  <system-out/>
  <testcase classname="naukriTesting.TestCheck" name="verifyLogo" time="4.802"/>
  <system-out/>
  <testcase classname="naukriTesting.TestCheck" name="Scroll" time="4.989"/>
  <system-out/>
  <testcase classname="naukriTesting.TestCheck" name="VerifyURL" time="3.887"/>
  <system-out/>
  <testcase classname="naukriTesting.TestCheck" name="Register" time="7.792"/>
  <system-out/>
  <testcase classname="naukriTesting.TestCheck" name="VerifyLogin" time="4.652"/>
  <system-out/>
  <testcase classname="naukriTesting.TestCheck" name="operationSearch" time="8.506"/>
  <system-out/>
  <testcase classname="naukriTesting.TestCheck" name="verifyJob" time="5.855"/>
  <system-out/>
  <testcase classname="naukriTesting.TestCheck" name="CompWiseApply" time="5.191"/>
  <system-out/>
</testsuite> <!-- naukriTesting.TestCheck -->
