<?xml version="1.0" encoding="UTF-8"?>
<!-- Generated by org.testng.reporters.JUnitReportReporter -->
<testsuite hostname="LAPTOP-5RBGUB60" failures="0" tests="5" name="naukri.Log_in" time="27.620" errors="0" timestamp="2023-04-01T16:17:57 IST" skipped="0">
  <testcase classname="naukri.Log_in" name="varifyTitle" time="4.915"/>
  <system-out/>
  <testcase classname="naukri.Log_in" name="Register" time="11.132"/>
  <system-out/>
  <testcase classname="naukri.Log_in" name="Screen" time="4.142"/>
  <system-out/>
  <testcase classname="naukri.Log_in" name="Scroll" time="3.892"/>
  <system-out/>
  <testcase classname="naukri.Log_in" name="verifyLogo" time="3.539"/>
  <system-out/>
</testsuite> <!-- naukri.Log_in -->
